         w __deregister_frame_info
         w __register_frame_info
         w userAppExit
         w userAppInit
00000000 00000802 B __ctru_dev_utf16_buf
00000000 A __sync_synchronize
00000000 b _TLS_MODULE_BASE_
00000000 a shift
00000000 a shift
00000804 00000401 B __ctru_dev_path_buf
00100000 A __start__
00100000 T _start
00100008 T __service_ptr
0010000c T __apt_appid
00100010 T __heap_size
00100014 T __linear_heap_size
00100018 T __system_arglist
0010001c T __system_runflags
00100020 t startup
00100058 t ClearMem
0010006c t ClrLoop
00100094 T _init
001000ac T __aeabi_idiv
001000ac 00000220 T __divsi3
001000b4 t .divsi3_skip_div0_test
001002cc 00000020 T __aeabi_idivmod
001002ec 00000004 W __aeabi_idiv0
001002ec 00000004 W __aeabi_ldiv0
001002f0 T __aeabi_uldivmod
00100348 00000390 T strcmp
001006d0 t .udivsi3_skip_div0_test
001006d0 T __aeabi_uidiv
001006d0 000001ec T __udivsi3
001008bc 00000020 T __aeabi_uidivmod
001008dc T __aeabi_drsub
001008e4 000002b0 T __aeabi_dsub
001008e4 000002b0 T __subdf3
001008e8 000002ac T __adddf3
001008e8 000002ac T __aeabi_dadd
00100b94 00000024 T __aeabi_ui2d
00100b94 00000024 T __floatunsidf
00100bb8 00000028 T __aeabi_i2d
00100bb8 00000028 T __floatsidf
00100be0 00000048 T __aeabi_f2d
00100be0 00000048 T __extendsfdf2
00100c28 00000074 T __aeabi_ul2d
00100c28 00000074 T __floatundidf
00100c3c 00000060 T __aeabi_l2d
00100c3c 00000060 T __floatdidf
00100c9c t __do_global_dtors_aux
00100cdc t frame_dummy
00100d08 00000010 T compareSlotNumbers
00100d18 00000110 T selectRegion
00100e28 000000bc T listFolders
00100ee4 0000010c T selectFolder
00100ff0 0000028c T copyDirectory
0010127c 000000a8 T createDirectoryRecursive
00101324 000001b0 T generateTemplateJson
001014d4 00000114 T clearDirectory
001015e8 000003b8 T fwoOption
001019a0 00000034 T main
001019d4 0000045c t consoleHandleColorEsc
00101e30 000000b8 t consoleColorStateShift
00101ee8 000001ac T consoleDrawChar
00102094 0000011c T consolePrintChar
001021b0 000005ec T con_write
0010279c 00000124 t newRow
001028c0 0000018c T consoleInit
00102a4c 000000b8 T consoleClear
00102b04 0000012c T srvInit
00102c30 00000058 T srvExit
00102c88 00000060 T srvEnableNotification
00102ce8 000000a0 T srvGetServiceHandleDirect
00102d88 00000038 T srvGetServiceHandle
00102dc0 00000034 T srvSubscribe
00102df4 00000060 T srvReceiveNotification
00102e54 00000038 T srvPublishToSubscriber
00102e8c 000000d0 t gfxPresentFramebuffer
00102f5c 0000001c T gfxIsWide
00102f78 000000ec T gfxSetScreenFormat
00103064 00000010 T gfxSetDoubleBuffering
00103074 000000d8 T gfxInit
0010314c 00000010 T gfxInitDefault
0010315c 000000b4 T gfxExit
00103210 000000a0 T gfxGetFramebuffer
001032b0 00000100 T gfxFlushBuffers
001033b0 00000050 T gfxSwapBuffers
00103400 00000050 T gfxSwapBuffersGpu
00103450 00000c70 t gspHardwareInit
001040c0 00000248 T gspInit
00104308 000000e4 T gspExit
001043ec 00000010 T gspHasGpuRight
001043fc 000000a0 T gspPresentBuffer
0010449c 00000044 T gspWaitForEvent
001044e0 00000004 W gxCmdQueueInterrupt
001044e4 00000160 t gspEventThreadMain
00104644 00000050 T GSPGPU_FlushDataCache
00104694 00000034 T GSPGPU_SetLcdForceBlack
001046c8 00000068 T GSPGPU_AcquireRight
00104730 0000002c T GSPGPU_RestoreVramSysArea
0010475c 00000008 W aptDspSleep
00104764 00000004 W aptDspWakeup
00104768 00000004 W aptDspCancel
0010476c 00000158 T aptSendCommand
001048c8 00000044 t aptExitProcess
0010490c 00000380 T aptExit
00104c8c 00000084 T APT_SleepIfShellClosed
00104d10 00000084 T APT_UnlockTransition
00104d98 00000478 t aptEventHandler
00105210 000000b0 T APT_ReceiveParameter
001052c0 000000ac t aptReceiveParameter.constprop.0
0010536c 000002c8 t aptWaitForWakeUp.isra.0
00105634 0000022c T aptInit
00105860 0000007c T APT_CheckNew3DS
001058dc 00000024 W hidShouldUseIrrst
00105900 0000018c T hidInit
00105a8c 000000e8 T hidExit
00105b74 000002a4 T hidScanInput
00105e18 00000010 T hidKeysDown
00105e28 0000000c T srvPmGetSessionHandle
00105e34 000000d0 T fsInit
00105f04 0000003c T fsExit
00105f40 00000060 T fsExemptFromSession
00105fa0 00000050 T fsUnexemptFromSession
00105ff0 000000cc T FSUSER_OpenFile
001060bc 000000bc T FSUSER_DeleteFile
00106178 000000f8 T FSUSER_RenameFile
00106270 000000bc T FSUSER_DeleteDirectory
0010632c 000000d4 T FSUSER_CreateFile
00106400 000000c4 T FSUSER_CreateDirectory
001064c4 000000f8 T FSUSER_RenameDirectory
001065bc 000000b4 T FSUSER_OpenDirectory
00106670 00000094 T FSUSER_OpenArchive
00106704 0000008c T FSUSER_CloseArchive
00106790 00000074 T FSUSER_GetSdmcArchiveResource
00106804 00000064 T FSUSER_IsSdmcWritable
00106868 00000058 T FSFILE_Read
001068c0 00000060 T FSFILE_Write
00106920 00000038 T FSFILE_GetSize
00106958 00000028 T FSFILE_SetSize
00106980 0000003c T FSFILE_Close
001069bc 00000024 T FSFILE_Flush
001069e0 00000050 T FSDIR_Read
00106a30 0000003c T FSDIR_Close
00106a6c 00000038 W __libctru_init
00106aa4 00000160 W __system_initArgv
00106c04 T svcControlMemory
00106c24 T svcQueryMemory
00106c54 T svcExitProcess
00106c5c T svcCreateThread
00106c7c T svcExitThread
00106c84 T svcSleepThread
00106c8c T svcReleaseMutex
00106c94 T svcCreateEvent
00106ca8 T svcSignalEvent
00106cb0 T svcClearEvent
00106cb8 T svcMapMemoryBlock
00106cc0 T svcUnmapMemoryBlock
00106cc8 T svcCreateAddressArbiter
00106cdc T svcArbitrateAddressNoTimeout
00106ce4 T svcCloseHandle
00106cec T svcWaitSynchronization
00106cf4 T svcWaitSynchronizationN
00106d1c T svcDuplicateHandle
00106d30 T svcConnectToPort
00106d44 T svcSendSyncRequest
00106d4c T svcGetResourceLimit
00106d60 T svcGetResourceLimitLimitValues
00106d68 T svcGetResourceLimitCurrentValues
00106d70 T svcBreak
00106d78 W initSystem
00106dc8 W __ctru_exit
00106ddc 00000024 t addrMapNodeComparator(rbtree_node const*, rbtree_node const*)
00106e00 00000004 t addrMapNodeDestructor(rbtree_node*)
00106e04 00000244 T vramMemAlignAt
00107048 0000000c T vramAlloc
00107054 00000090 T vramFree
001070e4 00000024 t addrMapNodeComparator(rbtree_node const*, rbtree_node const*)
00107108 00000004 t addrMapNodeDestructor(rbtree_node*)
0010710c 00000120 T linearMemAlign
0010722c 00000008 T linearAlloc
00107234 0000005c T linearFree
00107290 00000084 T MemPool::CoalesceRight(MemBlock*)
00107314 00000150 T MemPool::Allocate(MemChunk&, unsigned long, int)
00107464 000000fc T MemPool::Deallocate(MemChunk const&)
00107560 00000030 T MemPool::GetFreeSpace()
00107590 0000000c T __sync_init
0010759c 00000018 T __sync_fini
001075b4 0000002c T syncArbitrateAddress
001075e0 000000b0 T LightLock_Lock
00107690 00000040 T LightLock_Unlock
001076d0 00000030 T RecursiveLock_Lock
00107700 00000054 T RecursiveLock_Unlock
00107754 00000040 T LightEvent_Init
00107794 000000a4 T LightEvent_Clear
00107838 000000c8 T LightEvent_Signal
00107900 00000050 T LightEvent_TryWait
00107950 000000a0 T LightEvent_Wait
001079f0 00000084 W envGetHandle
00107a74 00000050 W envDestroyHandles
00107ac4 00000034 T __ctru_speedup_config
00107af8 000001d4 T threadCreate
00107ccc 0000002c T threadFree
00107cf8 00000024 T threadJoin
00107d1c 00000030 T threadGetCurrent
00107d4c 00000040 T threadExit
00107d8c 00000020 t _thread_begin
00107dac 00000090 t mappableFindAddressWithin
00107e3c 00000028 T mappableInit
00107e64 00000080 T mappableAlloc
00107ee4 00000004 T mappableFree
00107ee8 00000160 T irrstInit
00108048 000000cc T irrstExit
00108114 000000b4 T irrstScanInput
001081c8 00000024 T irrstKeysHeld
001081ec 00000074 T ptmSysmInit
00108260 0000003c T ptmSysmExit
0010829c 00000034 T PTMSYSM_ConfigureNew3DSCPU
001082d0 00000010 T rbtree_init
001082e0 0000019c t do_insert
0010847c 00000008 T rbtree_insert
00108484 00000090 T rbtree_rotate
00108514 00000310 T rbtree_remove
00108824 00000074 T rbtree_find
00108898 00000030 W __appInit
001088c8 00000030 T __syscall_getreent
001088f8 00000004 T __syscall_lock_acquire
001088fc 00000004 T __syscall_lock_release
00108900 00000004 T __syscall_lock_acquire_recursive
00108904 00000004 T __syscall_lock_release_recursive
00108908 00000004 T __syscall_exit
0010890c 00000050 T initThreadVars
0010895c 00000080 T __system_initSyscalls
001089e0 000001e0 W __system_allocateHeaps
00108bc0 00000030 W __appExit
00108bf0 00000090 W __libctru_exit
00108c80 00000014 t archive_link
00108c94 00000014 t archive_dirreset
00108ca8 00000014 t archive_chmod
00108cbc 00000024 t error_cmp
00108ce0 00000050 t archive_translate_error
00108d30 000000c4 t archive_seek
00108df4 00000078 t _archiveInit.part.0
00108e6c 000000c4 t archiveFindDevice.part.0
00108f30 00000290 t archive_utf16path
001091c0 0000009c t _archiveUnmountDeviceStruct.part.0
0010925c 00000014 t archive_statvfs
00109270 00000014 t archive_fchmod
00109284 00000168 t _archiveMountDevice
001093ec 000000e8 t archive_diropen
001094d4 000000a4 t archive_fstat
00109578 0000006c t archive_fsync
001095e4 0000006c t archive_close
00109650 00000070 t archive_dirclose
001096c0 000000e4 t sdmc_statvfs
001097a4 000000ec t archive_chdir
00109890 0000007c t archive_ftruncate
0010990c 000000ac t archive_read
001099b8 000000a4 t archive_unlink
00109a5c 000000bc t archive_rmdir
00109b18 000000dc t archive_mkdir
00109bf4 00000194 t archive_stat
00109d88 0000015c t archive_dirnext
00109ee4 00000124 t archive_write
0010a008 00000210 t archive_open
0010a218 00000268 t archive_rename
0010a480 0000019c T archiveMountSdmc
0010a61c 00000054 T archiveUnmountAll
0010a670 0000005c T rbtree_node_next
0010a6cc 000000e8 T utf16_to_utf8
0010a7b4 00000064 T decode_utf16
0010a818 0000013c T decode_utf8
0010a954 000000c0 T utf8_to_utf16
0010aa14 T __aeabi_read_tp
0010aa20 00000054 T encode_utf16
0010aa74 000000e0 T encode_utf8
0010ab54 00000120 T __udivmoddi4
0010ac74 000000d8 T strncmp
0010ad4c 0000005c T strlen
0010ada8 000000f4 T _fwrite_r
0010ae9c 00000038 T fwrite
0010aed4 00000480 T __sfvwrite_r
0010b354 000000e0 T memchr
0010b434 00000020 T rename
0010b454 000001e4 t _strtoul_l.isra.0
0010b638 00000030 T _strtoul_r
0010b668 00000034 T strtoul
0010b69c 000000e4 T strncat
0010b780 00000078 T bsearch
0010b7f8 00000344 T _fread_r
0010bb3c 00000038 T fread
0010bb74 0000096c T qsort
0010c4e0 00000038 t lflush
0010c518 0000019c T __srefill_r
0010c6b4 00000148 T _fclose_r
0010c7fc 00000018 T fclose
0010c814 0000003c T fprintf
0010c850 00000144 T __smakebuf_r
0010c994 0000008c T __swhatbuf_r
0010ca20 00000020 T memalign
0010ca40 0000001c t stdio_exit_handler
0010ca5c 0000005c t cleanup_stdio
0010cab8 00000154 t global_stdio_init.part.0
0010cc0c 00000134 T __sfp
0010cd40 0000005c T __sinit
0010cd9c 0000000c T __sfp_lock_acquire
0010cda8 0000000c T __sfp_lock_release
0010cdb4 000007e8 T _malloc_r
0010d59c 000000f8 T _malloc_trim_r
0010d694 00000300 T _free_r
0010d994 00000058 T remove
0010d9ec 00000294 T setvbuf
0010dc80 0000004c T strnlen
0010dccc 0000000c T __errno
0010dcd8 00000034 T malloc
0010dd0c 00000018 T free
0010dd24 00000130 T memcpy
0010de54 00000034 T printf
0010de88 00000078 T sscanf
0010df00 00000134 T _fopen_r
0010e034 00000020 T fopen
0010e054 000000e0 T _puts_r
0010e134 00000018 T puts
0010e14c 00000128 t critical_factorization
0010e274 0000035c t two_way_long_needle
0010e5d0 0000023c T strstr
0010e80c 000000e8 T memset
0010e8f4 00000094 T fputc
0010e988 000004a4 T _realloc_r
0010ee2c 00000070 T _fwalk_sglue
0010ee9c 0000000c T __malloc_lock
0010eea8 0000000c T __malloc_unlock
0010eeb4 00000020 T stat
0010eed4 000000f0 T strcpy
0010efc4 00000004 W __call_exitprocs
0010efc8 00000030 T exit
0010eff8 00000050 t get_arg
0010f048 00002b4c T __ssvfscanf_r
00111b94 0000001c T _fseek_r
00111bb0 000000d4 T snprintf
00111c84 000000c4 T strncpy
00111d48 00000264 t _strtoull_l.isra.0
00111fac 00000030 T _strtoull_r
00111fdc 000001e0 T _perror_r
001121bc 00000018 T perror
001121d4 000000b4 T __sflags
00112288 000000b4 T _mbrtowc_r
0011233c 00000084 T __libc_init_array
001123c0 00000194 T __swsetup_r
00112554 00000228 T __sflush_r
0011277c 00000094 T _fflush_r
00112810 0000000c T nanf
0011281c 00000130 T strchr
0011294c 00000160 T memmove
00112aac 00000414 T _strerror_r
00112ec0 00000008 T _user_strerror
00112ec8 0000047c t _strtoll_l.isra.0
00113344 00000030 T _strtoll_r
00113374 00000024 T __locale_mb_cur_max
00113398 00000064 t sulp
00113400 000013f0 T _strtod_l
001147f0 0000003c T _strtod_r
0011482c 00000068 T sprintf
00114894 00000150 T _memalign_r
001149e4 000000e0 T _sungetc_r
00114ac4 0000006c T __ssrefill_r
00114b30 000000c4 T _sfread_r
00114bf4 000000f4 t rshift
00114ce8 000008e8 T __gethex
001155d0 000000d4 T memcmp
001156a4 00000324 T __utf8_mbtowc
001159c8 0000003c T __libc_fini_array
00115a04 0000058c T _fseeko_r
00115f90 00000044 T __sread
00115fd4 00000008 T __seofread
00115fdc 00000068 T __swrite
00116044 00000040 T __sseek
00116084 00000008 T __sclose
0011608c 00000008 T iswspace
00116094 000000f0 T __sccl
00116184 00000024 T _localeconv_r
001161a8 000005e4 t get_arg
00116790 0000342c T _vfprintf_r
00119bbc 000000b8 t __sbprintf
00119c74 00000020 T realloc
00119c94 000000dc T _putc_r
00119d70 000001b4 t quorem
00119f28 00001370 T _dtoa_r
0011b298 000000a0 T _wcrtomb_r
0011b338 000005e4 t get_arg
0011b920 0000335c T _svfprintf_r
0011ec7c 00000344 t _strtol_l.part.0
0011efc0 00000060 T _strtol_r
0011f020 000000dc T stpncpy
0011f0fc 000000ac T fileno
0011f1a8 000000f0 T __utf8_wctomb
0011f298 00000028 T _wcsrtombs_r
0011f2c0 0000004c T __match
0011f30c 000002a4 T __hexnan
0011f5b0 00000010 T nan
0011f5c0 00000088 T frexp
0011f648 000000a8 T __submore
0011f6f0 0000005c T __assert_func
0011f74c 00000038 T iswspace_l
0011f784 00000088 T _Balloc
0011f80c 0000001c T _Bfree
0011f828 000000f4 T __multadd
0011f91c 00000110 T __s2b
0011fa2c 00000080 T __hi0bits
0011faac 000000f4 T __lo0bits
0011fba0 000000a4 T __i2b
0011fc44 00000208 T __multiply
0011fe4c 00000130 T __pow5mult
0011ff7c 00000138 T __lshift
001200b4 00000058 T __mcmp
0012010c 000001f0 T __mdiff
001202fc 00000068 T __ulp
00120364 000000d0 T __b2d
00120434 00000120 T __d2b
00120554 00000078 T __ratio
001205cc 00000088 T __copybits
00120654 0000005c T __any_on
001206b0 000000a4 T __ssprint_r
00120754 0000003c T fiprintf
00120790 00000108 T __swbuf_r
00120898 00000160 T _wcsnrtombs_l
001209f8 00000064 T _wcsnrtombs_r
00120a5c 00000030 T __sprint_r
00120a8c 00000014 T abort
00120aa0 000000c0 T _calloc_r
00120b60 00000090 T category
00120bf0 00000128 T __ssputs_r
00120d18 00000090 T _raise_r
00120da8 00000018 T raise
00120dc0 000005e4 t get_arg
001213a4 00002264 T _vfiprintf_r
00123608 000000b8 t __sbprintf
001236c0 00000020 T _exit
001236e0 0000013c T chdir
0012381c 000001cc T _concatenate_path
001239e8 00000068 t __dirnext
00123a50 000000f4 T opendir
00123b44 00000090 T closedir
00123bd4 000000ec T readdir_r
00123cc0 00000040 T readdir
00123d00 00000088 T _fstat_r
00123d88 00000014 T _getpid_r
00123d9c 0000002c T __getreent
00123dc8 0000008c T __release_handle
00123e54 000000b0 T __alloc_handle
00123f04 0000003c T __get_handle
00123f40 000000f4 T _close_r
00124034 00000008 t null_write
0012403c 00000018 T setDefaultDevice
00124054 000000c8 T FindDevice
0012411c 00000028 T RemoveDevice
00124144 00000098 T AddDevice
001241dc 00000020 T GetDeviceOpTab
001241fc 00000008 T _isatty_r
00124204 00000014 T _kill_r
00124218 0000008c T _lseek_r
001242a4 00000060 T mkdir
00124304 000000bc T _open_r
001243c0 00000088 T _read_r
00124448 00000080 T _rename_r
001244c8 00000068 T _rmdir_r
00124530 00000018 T rmdir
00124548 00000078 W _sbrk_r
001245c0 00000070 T _stat_r
00124630 0000001c T __libc_lock_acquire
0012464c 0000001c T __libc_lock_release
00124668 0000001c T __libc_lock_acquire_recursive
00124684 0000001c T __libc_lock_release_recursive
001246a0 00000064 T _unlink_r
00124704 00000088 T _write_r
0012478c 00000038 T __aeabi_d2lz
0012478c 00000038 T __fixdfdi
001247c8 00000040 T __aeabi_d2ulz
001247c8 00000040 T __fixunsdfdi
00124808 00000048 T strrchr
00124850 T _fini
00125d9c r .LC2
00125f20 00000080 r dotab_stdout
00125fa0 00000018 r grayScale
00125fb8 00000006 r colorCube
00125fc0 00000030 r colorTable
0012600c 00000008 r s_sleepWakeEvents.4
00126014 R default_font_bin
00126814 R default_font_bin_end
00126814 00000030 r error_table
00126844 00000080 r archive_devoptab
001268c4 00000101 R _ctype_
00126b1c 00000022 r basefix.0
00126cc0 00000014 r fpinan.0
00126cd4 00000014 r fpi.1
00126ce8 00000028 r tinytens
00126d10 00000100 R __hexdig
00126efc 00000010 r zeroes.0
00126f0c 00000010 r blanks.1
00127010 00000010 r zeroes.0
00127020 00000010 r blanks.1
00127030 0000006c R __action_table
0012709c 0000006c R __state_table
00127108 00000100 R __chclass
00127208 0000000c r p05.0
00127218 00000028 R __mprec_bigtens
00127240 000000c8 R __mprec_tens
00127308 000035dc r categories
0012a9d0 00000010 r zeroes.0
0012a9e0 00000010 r blanks.1
0012a9f0 00000080 R dotab_stdnull
0012aa70 R __tdata_align
0012aa74 r __EH_FRAME_BEGIN__
0012aa74 R __exidx_end
0012aa74 R __exidx_start
0012b000 0000000c D regionCodes
0012b00c 0000000c D regionOptions
0012b018 00000001 d firstConsoleInit.0
0012b01c 00000004 D currentConsole
0012b020 00000048 D defaultConsole
0012b068 00000004 d aptChainloadDeliverArgSize
0012b06c 00000004 d kCount
0012b070 00000004 d kInterval
0012b074 00000004 d kDelay
0012b078 W __stacksize__
0012b07c 00000004 D _impure_ptr
0012b080 00000120 D _impure_data
0012b1a0 0000000c D __sglue
0012b1ac 00000004 D __malloc_sbrk_base
0012b1b0 00000004 D __malloc_trim_threshold
0012b1b8 00000408 D __malloc_av_
0012b5c0 0000016c D __global_locale
0012b72c 00000400 d _current_working_directory
0012bb30 00001000 d handles
0012cb30 0000000c d __stderr_handle
0012cb3c 0000000c d __stdout_handle
0012cb48 0000000c d __stdin_handle
0012cb54 0000008c D devoptab_list
0012cbe0 00000004 d defaultDevice
0012cbec d _GLOBAL_OFFSET_TABLE_
0012cbf8 d __frame_dummy_init_array_entry
0012cbf8 D __init_array_start
0012cbf8 B __preinit_array_end
0012cbf8 B __preinit_array_start
0012cbf8 D __tdata_lma
0012cbf8 D __tdata_lma_end
0012cbfc d __do_global_dtors_aux_fini_array_entry
0012cbfc D __fini_array_start
0012cbfc D __init_array_end
0012cc00 D __bss_start__
0012cc00 D __fini_array_end
0012cc00 00000011 B selectedRegionCode
0012cc11 b completed.1
0012cc14 b object.0
0012cc2c 0000001c b escapeSeq
0012cc48 00000048 B currentCopy
0012cc90 00000004 b srvRefCount
0012cc94 00000004 b srvHandle
0012cc98 00000004 b screenAlloc
0012cc9c 00000004 b screenFree
0012cca0 00000002 b gfxIsDoubleBuf
0012cca4 00000002 b gfxCurBuf
0012cca6 00000001 b gfxIsVram
0012cca7 00000001 b gfxTopMode
0012cca8 00000002 b gfxFramebufferFormats
0012ccac 00000004 b gfxBottomFramebufferMaxSize
0012ccb0 00000004 b gfxTopFramebufferMaxSize
0012ccb8 00000008 b gfxBottomFramebuffers
0012ccc0 00000008 b gfxTopFramebuffers
0012ccc8 00000007 b gspEventCbOneShot
0012ccd0 0000001c b gspEventCbData
0012ccec 0000001c b gspEventCb
0012cd08 00000038 b gspEvents
0012cd40 00000004 b gspLastEvent
0012cd44 00000001 b gspRunEvents
0012cd48 00000004 b gspEventThread
0012cd4c 00000004 b gspEvent
0012cd50 00000001 b gspGpuRight
0012cd51 00000001 b gspThreadId
0012cd54 00000004 b gspSharedMem
0012cd58 00000004 b gspSharedMemHandle
0012cd5c 00000004 b gspRefCount
0012cd60 00000004 b gspGpuHandle
0012cd64 00000001 b flagValue.0
0012cd65 00000001 b flagInit.1
0012cd68 00000004 b serviceName.6
0012cd6c 00000001 b aptChainloadFlags
0012cd6d 00000001 b aptChainloadMediatype
0012cd70 00000020 b aptChainloadHmac
0012cd90 00000300 b aptChainloadDeliverArg
0012d090 00000008 b aptChainloadTid
0012d098 00001000 b aptParameters
0012e098 00000004 b aptFlags
0012e09c 00000001 b aptHomeButtonState
0012e0a0 00000004 b aptMessageFuncData
0012e0a4 00000004 b aptMessageFunc
0012e0a8 0000000c b aptFirstHook
0012e0b4 00000001 b aptEventHandlerThreadQuit
0012e0b8 00000004 b aptEventHandlerThread
0012e0bc 00000008 b aptSleepEvent
0012e0c4 00000008 b aptReceiveEvent
0012e0cc 00000008 b aptEvents
0012e0d4 00000004 b aptLockHandle
0012e0d8 00000004 b aptRefCount
0012e0dc 00000001 b usingIrrst
0012e0e0 00000004 b hidRefCount
0012e0e4 00000006 b gRate
0012e0ec 00000006 b aVec
0012e0f4 00000004 b cPos
0012e0f8 00000004 b tPos
0012e0fc 00000004 b kRepeat
0012e100 00000004 b kUp
0012e104 00000004 b kDown
0012e108 00000004 b kHeld
0012e10c 00000004 b kOld
0012e110 00000004 B hidSharedMem
0012e114 00000014 B hidEvents
0012e128 00000004 B hidMemHandle
0012e12c 00000004 B hidHandle
0012e130 00000004 b srvPmHandle
0012e138 00000080 b fsExemptArchives
0012e1b8 00000004 b fsuRefCount
0012e1bc 00000004 b fsuHandle
0012e1c0 00000004 B __system_retAddr
0012e1c4 00000004 B __system_argv
0012e1c8 00000004 B __system_argc
0012e1cc b saved_stack
0012e1d8 00000008 b sVramPoolB
0012e1e0 00000008 b sVramPoolA
0012e1e8 0000000c b sAddrMap
0012e1f8 00000008 b sLinearPool
0012e200 0000000c b sAddrMap
0012e20c 00000004 b arbiter
0012e210 00000001 V __ctru_speedup
0012e214 00000004 B __3dslink_host
0012e218 00000004 b currentAddr
0012e21c 00000004 b maxAddr
0012e220 00000004 b minAddr
0012e224 00000004 b irrstRefCount
0012e228 00000004 b csPos
0012e22c 00000004 b kHeld
0012e230 00000004 B irrstSharedMem
0012e234 00000004 B irrstEvent
0012e238 00000004 B irrstMemHandle
0012e23c 00000004 B irrstHandle
0012e240 00000004 b ptmSysmRefCount
0012e244 00000004 b ptmSysmHandle
0012e248 00000004 V __ctru_linear_heap_size
0012e24c 00000004 V __ctru_heap_size
0012e250 00000004 B __ctru_linear_heap
0012e254 00000004 B __ctru_heap
0012e258 000005c0 b archive_devices
0012e818 00000004 b archive_device_cwd
0012e81c 00000001 b archive_initialized
0012e820 0000000c b __sfp_recursive_mutex
0012e830 00000168 B __sf
0012e998 00000004 B __stdio_exit_handler
0012e99c 00000028 B __malloc_current_mallinfo
0012e9c4 00000004 B __malloc_max_total_mem
0012e9c8 00000004 B __malloc_max_sbrked_mem
0012e9cc 00000004 B __malloc_top_pad
0012e9d0 0000000c b __malloc_recursive_mutex
0012e9dc 00000400 b temp_cwd
0012eddc 00000004 b __hndl_lock
0012ede0 00000004 B fake_heap_start
0012ede4 00000004 B fake_heap_end
0012ede8 00000004 b heap_start.0
0012edec B __tls_start
0012f9f4 B __bss_end__
0012f9f4 A __end__
0012f9f4 B __tls_end
