         w __deregister_frame_info
         w __register_frame_info
         w userAppExit
         w userAppInit
00000000 00000802 B __ctru_dev_utf16_buf
00000000 b _TLS_MODULE_BASE_
00000000 a shift
00000000 a shift
00000804 00000401 B __ctru_dev_path_buf
00100000 A __start__
00100000 T _start
00100008 T __service_ptr
0010000c T __apt_appid
00100010 T __heap_size
00100014 T __linear_heap_size
00100018 T __system_arglist
0010001c T __system_runflags
00100020 t startup
00100058 t ClearMem
0010006c t ClrLoop
00100094 T _init
001000ac T __aeabi_idiv
001000ac 00000220 T __divsi3
001000b4 t .divsi3_skip_div0_test
001002cc 00000020 T __aeabi_idivmod
001002ec 00000004 W __aeabi_idiv0
001002ec 00000004 W __aeabi_ldiv0
001002f0 T __aeabi_uldivmod
00100348 00000390 T strcmp
001006d0 t .udivsi3_skip_div0_test
001006d0 T __aeabi_uidiv
001006d0 000001ec T __udivsi3
001008bc 00000020 T __aeabi_uidivmod
001008dc T __aeabi_drsub
001008e4 000002b0 T __aeabi_dsub
001008e4 000002b0 T __subdf3
001008e8 000002ac T __adddf3
001008e8 000002ac T __aeabi_dadd
00100b94 00000024 T __aeabi_ui2d
00100b94 00000024 T __floatunsidf
00100bb8 00000028 T __aeabi_i2d
00100bb8 00000028 T __floatsidf
00100be0 00000048 T __aeabi_f2d
00100be0 00000048 T __extendsfdf2
00100c28 00000074 T __aeabi_ul2d
00100c28 00000074 T __floatundidf
00100c3c 00000060 T __aeabi_l2d
00100c3c 00000060 T __floatdidf
00100c9c t __do_global_dtors_aux
00100cdc t frame_dummy
00100d08 00000010 T compareSlotNumbers
00100d18 00000118 T selectRegion
00100e30 000000bc T listFolders
00100eec 00000114 T selectFolder
00101000 0000028c T copyDirectory
0010128c 000000a8 T createDirectoryRecursive
00101334 000001b0 T generateTemplateJson
001014e4 00000114 T clearDirectory
001015f8 000003c0 T fwoOption
001019b8 000001bc T copyExtSaveData
00101b78 0000007c T main
00101bf4 0000045c t consoleHandleColorEsc
00102050 000000b8 t consoleColorStateShift
00102108 000001ac T consoleDrawChar
001022b4 0000011c T consolePrintChar
001023d0 000005ec T con_write
001029bc 00000124 t newRow
00102ae0 0000018c T consoleInit
00102c6c 000000b8 T consoleClear
00102d24 0000012c T srvInit
00102e50 00000058 T srvExit
00102ea8 00000060 T srvEnableNotification
00102f08 000000a0 T srvGetServiceHandleDirect
00102fa8 00000038 T srvGetServiceHandle
00102fe0 00000034 T srvSubscribe
00103014 00000060 T srvReceiveNotification
00103074 00000038 T srvPublishToSubscriber
001030ac 000000d0 t gfxPresentFramebuffer
0010317c 0000001c T gfxIsWide
00103198 000000ec T gfxSetScreenFormat
00103284 00000010 T gfxSetDoubleBuffering
00103294 000000d8 T gfxInit
0010336c 00000010 T gfxInitDefault
0010337c 000000b4 T gfxExit
00103430 000000a0 T gfxGetFramebuffer
001034d0 00000100 T gfxFlushBuffers
001035d0 00000050 T gfxSwapBuffers
00103620 00000050 T gfxSwapBuffersGpu
00103670 00000c70 t gspHardwareInit
001042e0 00000248 T gspInit
00104528 000000e4 T gspExit
0010460c 00000010 T gspHasGpuRight
0010461c 000000a0 T gspPresentBuffer
001046bc 00000044 T gspWaitForEvent
00104700 00000004 W gxCmdQueueInterrupt
00104704 00000160 t gspEventThreadMain
00104864 00000050 T GSPGPU_FlushDataCache
001048b4 00000034 T GSPGPU_SetLcdForceBlack
001048e8 00000068 T GSPGPU_AcquireRight
00104950 00000048 T GSPGPU_ReleaseRight
00104998 0000007c T GSPGPU_ImportDisplayCaptureInfo
00104a14 0000002c T GSPGPU_SaveVramSysArea
00104a40 0000002c T GSPGPU_RestoreVramSysArea
00104a6c 000000a4 T amInit
00104b10 000001b0 t aptConvertScreenForCapture
00104cc0 00000008 W aptDspSleep
00104cc8 00000004 W aptDspWakeup
00104ccc 00000004 W aptDspCancel
00104cd0 00000158 T aptSendCommand
00104e28 00000044 t aptExitProcess
00104e6c 00000380 T aptExit
001051ec 000000d8 T aptHandleSleep
001052c4 00000084 T APT_SleepIfShellClosed
00105348 00000078 T aptSetSleepAllowed
001053c0 00000084 T APT_UnlockTransition
00105448 00000478 t aptEventHandler
001058c0 000000b0 T APT_ReceiveParameter
00105970 000000ac t aptReceiveParameter.constprop.0
00105a20 00000294 t aptScreenTransfer
00105cb4 000002c8 t aptWaitForWakeUp.isra.0
00105f7c 000000f4 T aptJumpToHomeMenu
00106070 00000048 T aptMainLoop
001060b8 0000022c T aptInit
001062e4 0000007c T APT_CheckNew3DS
00106360 00000024 W hidShouldUseIrrst
00106384 0000018c T hidInit
00106510 000000e8 T hidExit
001065f8 000002a4 T hidScanInput
0010689c 00000010 T hidKeysDown
001068ac 0000000c T srvPmGetSessionHandle
001068b8 000000d0 T fsInit
00106988 0000003c T fsExit
001069c4 00000060 T fsExemptFromSession
00106a24 00000050 T fsUnexemptFromSession
00106a74 00000084 T fsMakePath
00106af8 000000cc T FSUSER_OpenFile
00106bc4 000000bc T FSUSER_DeleteFile
00106c80 000000f8 T FSUSER_RenameFile
00106d78 000000bc T FSUSER_DeleteDirectory
00106e34 000000d4 T FSUSER_CreateFile
00106f08 000000c4 T FSUSER_CreateDirectory
00106fcc 000000f8 T FSUSER_RenameDirectory
001070c4 000000b4 T FSUSER_OpenDirectory
00107178 00000094 T FSUSER_OpenArchive
0010720c 0000008c T FSUSER_CloseArchive
00107298 00000074 T FSUSER_GetSdmcArchiveResource
0010730c 00000064 T FSUSER_IsSdmcWritable
00107370 00000058 T FSFILE_Read
001073c8 00000060 T FSFILE_Write
00107428 00000038 T FSFILE_GetSize
00107460 00000028 T FSFILE_SetSize
00107488 0000003c T FSFILE_Close
001074c4 00000024 T FSFILE_Flush
001074e8 00000050 T FSDIR_Read
00107538 0000003c T FSDIR_Close
00107574 000000c0 T utf8_to_utf16
00107634 00000038 W __libctru_init
0010766c 00000160 W __system_initArgv
001077cc T svcControlMemory
001077ec T svcQueryMemory
0010781c T svcExitProcess
00107824 T svcCreateThread
00107844 T svcExitThread
0010784c T svcSleepThread
00107854 T svcReleaseMutex
0010785c T svcCreateEvent
00107870 T svcSignalEvent
00107878 T svcClearEvent
00107880 T svcMapMemoryBlock
00107888 T svcUnmapMemoryBlock
00107890 T svcCreateAddressArbiter
001078a4 T svcArbitrateAddressNoTimeout
001078ac T svcCloseHandle
001078b4 T svcWaitSynchronization
001078bc T svcWaitSynchronizationN
001078e4 T svcDuplicateHandle
001078f8 T svcConnectToPort
0010790c T svcSendSyncRequest
00107914 T svcGetResourceLimit
00107928 T svcGetResourceLimitLimitValues
00107930 T svcGetResourceLimitCurrentValues
00107938 T svcBreak
00107940 W initSystem
00107990 W __ctru_exit
001079a4 00000024 t addrMapNodeComparator(rbtree_node const*, rbtree_node const*)
001079c8 00000004 t addrMapNodeDestructor(rbtree_node*)
001079cc 00000244 T vramMemAlignAt
00107c10 0000000c T vramAlloc
00107c1c 00000090 T vramFree
00107cac 00000024 t addrMapNodeComparator(rbtree_node const*, rbtree_node const*)
00107cd0 00000004 t addrMapNodeDestructor(rbtree_node*)
00107cd4 00000120 T linearMemAlign
00107df4 00000008 T linearAlloc
00107dfc 0000005c T linearFree
00107e58 00000084 T MemPool::CoalesceRight(MemBlock*)
00107edc 00000150 T MemPool::Allocate(MemChunk&, unsigned long, int)
0010802c 000000fc T MemPool::Deallocate(MemChunk const&)
00108128 00000030 T MemPool::GetFreeSpace()
00108158 0000000c T __sync_init
00108164 00000018 T __sync_fini
0010817c 0000002c T syncArbitrateAddress
001081a8 000000b0 T LightLock_Lock
00108258 00000040 T LightLock_Unlock
00108298 00000030 T RecursiveLock_Lock
001082c8 00000054 T RecursiveLock_Unlock
0010831c 00000040 T LightEvent_Init
0010835c 000000a4 T LightEvent_Clear
00108400 000000c8 T LightEvent_Signal
001084c8 00000050 T LightEvent_TryWait
00108518 000000a0 T LightEvent_Wait
001085b8 00000084 W envGetHandle
0010863c 00000050 W envDestroyHandles
0010868c 00000034 T __ctru_speedup_config
001086c0 000001d4 T threadCreate
00108894 0000002c T threadFree
001088c0 00000024 T threadJoin
001088e4 00000030 T threadGetCurrent
00108914 00000040 T threadExit
00108954 00000020 t _thread_begin
00108974 00000090 t mappableFindAddressWithin
00108a04 00000028 T mappableInit
00108a2c 00000080 T mappableAlloc
00108aac 00000004 T mappableFree
00108ab0 00000160 T irrstInit
00108c10 000000cc T irrstExit
00108cdc 000000b4 T irrstScanInput
00108d90 00000024 T irrstKeysHeld
00108db4 00000074 T ptmSysmInit
00108e28 0000003c T ptmSysmExit
00108e64 00000034 T PTMSYSM_ConfigureNew3DSCPU
00108e98 00000010 T rbtree_init
00108ea8 0000019c t do_insert
00109044 00000008 T rbtree_insert
0010904c 00000090 T rbtree_rotate
001090dc 00000310 T rbtree_remove
001093ec 00000074 T rbtree_find
00109460 00000054 T encode_utf16
001094b4 0000013c T decode_utf8
001095f0 00000030 W __appInit
00109620 00000030 T __syscall_getreent
00109650 00000004 T __syscall_lock_acquire
00109654 00000004 T __syscall_lock_release
00109658 00000004 T __syscall_lock_acquire_recursive
0010965c 00000004 T __syscall_lock_release_recursive
00109660 00000004 T __syscall_exit
00109664 00000050 T initThreadVars
001096b4 00000080 T __system_initSyscalls
00109738 000001e0 W __system_allocateHeaps
00109918 00000030 W __appExit
00109948 00000090 W __libctru_exit
001099d8 00000014 t archive_link
001099ec 00000014 t archive_dirreset
00109a00 00000014 t archive_chmod
00109a14 00000024 t error_cmp
00109a38 00000050 t archive_translate_error
00109a88 000000c4 t archive_seek
00109b4c 00000078 t _archiveInit.part.0
00109bc4 000000c4 t archiveFindDevice.part.0
00109c88 00000290 t archive_utf16path
00109f18 0000009c t _archiveUnmountDeviceStruct.part.0
00109fb4 00000014 t archive_statvfs
00109fc8 00000014 t archive_fchmod
00109fdc 00000168 t _archiveMountDevice
0010a144 000000e8 t archive_diropen
0010a22c 000000a4 t archive_fstat
0010a2d0 0000006c t archive_fsync
0010a33c 0000006c t archive_close
0010a3a8 00000070 t archive_dirclose
0010a418 000000e4 t sdmc_statvfs
0010a4fc 000000ec t archive_chdir
0010a5e8 0000007c t archive_ftruncate
0010a664 000000ac t archive_read
0010a710 000000a4 t archive_unlink
0010a7b4 000000bc t archive_rmdir
0010a870 000000dc t archive_mkdir
0010a94c 00000194 t archive_stat
0010aae0 0000015c t archive_dirnext
0010ac3c 00000124 t archive_write
0010ad60 00000210 t archive_open
0010af70 00000268 t archive_rename
0010b1d8 0000019c T archiveMountSdmc
0010b374 00000054 T archiveUnmountAll
0010b3c8 0000005c T rbtree_node_next
0010b424 000000e8 T utf16_to_utf8
0010b50c 00000064 T decode_utf16
0010b570 T __aeabi_read_tp
0010b57c 000000e0 T encode_utf8
0010b65c 00000120 T __udivmoddi4
0010b77c 000000d8 T strncmp
0010b854 0000005c T strlen
0010b8b0 000000f4 T _fwrite_r
0010b9a4 00000038 T fwrite
0010b9dc 00000480 T __sfvwrite_r
0010be5c 000000e0 T memchr
0010bf3c 00000020 T rename
0010bf5c 000001e4 t _strtoul_l.isra.0
0010c140 00000030 T _strtoul_r
0010c170 00000034 T strtoul
0010c1a4 000000e4 T strncat
0010c288 00000078 T bsearch
0010c300 00000344 T _fread_r
0010c644 00000038 T fread
0010c67c 0000096c T qsort
0010cfe8 00000038 t lflush
0010d020 0000019c T __srefill_r
0010d1bc 00000148 T _fclose_r
0010d304 00000018 T fclose
0010d31c 0000003c T fprintf
0010d358 00000144 T __smakebuf_r
0010d49c 0000008c T __swhatbuf_r
0010d528 00000020 T memalign
0010d548 0000001c t stdio_exit_handler
0010d564 0000005c t cleanup_stdio
0010d5c0 00000154 t global_stdio_init.part.0
0010d714 00000134 T __sfp
0010d848 0000005c T __sinit
0010d8a4 0000000c T __sfp_lock_acquire
0010d8b0 0000000c T __sfp_lock_release
0010d8bc 000007e8 T _malloc_r
0010e0a4 000000f8 T _malloc_trim_r
0010e19c 00000300 T _free_r
0010e49c 00000058 T remove
0010e4f4 00000294 T setvbuf
0010e788 0000004c T strnlen
0010e7d4 0000000c T __errno
0010e7e0 00000034 T malloc
0010e814 00000018 T free
0010e82c 00000130 T memcpy
0010e95c 00000034 T printf
0010e990 00000078 T sscanf
0010ea08 00000134 T _fopen_r
0010eb3c 00000020 T fopen
0010eb5c 000000e0 T _puts_r
0010ec3c 00000018 T puts
0010ec54 00000128 t critical_factorization
0010ed7c 0000035c t two_way_long_needle
0010f0d8 0000023c T strstr
0010f314 000000e8 T memset
0010f3fc 00000094 T fputc
0010f490 000004a4 T _realloc_r
0010f934 00000070 T _fwalk_sglue
0010f9a4 0000000c T __malloc_lock
0010f9b0 0000000c T __malloc_unlock
0010f9bc 00000020 T stat
0010f9dc 000000f0 T strcpy
0010facc 00000004 W __call_exitprocs
0010fad0 00000030 T exit
0010fb00 00000050 t get_arg
0010fb50 00002b4c T __ssvfscanf_r
0011269c 0000001c T _fseek_r
001126b8 000000d4 T snprintf
0011278c 000000c4 T strncpy
00112850 00000264 t _strtoull_l.isra.0
00112ab4 00000030 T _strtoull_r
00112ae4 000001e0 T _perror_r
00112cc4 00000018 T perror
00112cdc 000000b4 T __sflags
00112d90 000000b4 T _mbrtowc_r
00112e44 00000084 T __libc_init_array
00112ec8 00000194 T __swsetup_r
0011305c 00000228 T __sflush_r
00113284 00000094 T _fflush_r
00113318 0000000c T nanf
00113324 00000130 T strchr
00113454 00000160 T memmove
001135b4 00000414 T _strerror_r
001139c8 00000008 T _user_strerror
001139d0 0000047c t _strtoll_l.isra.0
00113e4c 00000030 T _strtoll_r
00113e7c 00000024 T __locale_mb_cur_max
00113ea0 00000064 t sulp
00113f08 000013f0 T _strtod_l
001152f8 0000003c T _strtod_r
00115334 00000068 T sprintf
0011539c 00000150 T _memalign_r
001154ec 000000e0 T _sungetc_r
001155cc 0000006c T __ssrefill_r
00115638 000000c4 T _sfread_r
001156fc 000000f4 t rshift
001157f0 000008e8 T __gethex
001160d8 000000d4 T memcmp
001161ac 00000324 T __utf8_mbtowc
001164d0 0000003c T __libc_fini_array
0011650c 0000058c T _fseeko_r
00116a98 00000044 T __sread
00116adc 00000008 T __seofread
00116ae4 00000068 T __swrite
00116b4c 00000040 T __sseek
00116b8c 00000008 T __sclose
00116b94 00000008 T iswspace
00116b9c 000000f0 T __sccl
00116c8c 00000024 T _localeconv_r
00116cb0 000005e4 t get_arg
00117298 0000342c T _vfprintf_r
0011a6c4 000000b8 t __sbprintf
0011a77c 00000020 T realloc
0011a79c 000000dc T _putc_r
0011a878 000001b4 t quorem
0011aa30 00001370 T _dtoa_r
0011bda0 000000a0 T _wcrtomb_r
0011be40 000005e4 t get_arg
0011c428 0000335c T _svfprintf_r
0011f784 00000344 t _strtol_l.part.0
0011fac8 00000060 T _strtol_r
0011fb28 000000dc T stpncpy
0011fc04 000000ac T fileno
0011fcb0 000000f0 T __utf8_wctomb
0011fda0 00000028 T _wcsrtombs_r
0011fdc8 0000004c T __match
0011fe14 000002a4 T __hexnan
001200b8 00000010 T nan
001200c8 00000088 T frexp
00120150 000000a8 T __submore
001201f8 0000005c T __assert_func
00120254 00000038 T iswspace_l
0012028c 00000088 T _Balloc
00120314 0000001c T _Bfree
00120330 000000f4 T __multadd
00120424 00000110 T __s2b
00120534 00000080 T __hi0bits
001205b4 000000f4 T __lo0bits
001206a8 000000a4 T __i2b
0012074c 00000208 T __multiply
00120954 00000130 T __pow5mult
00120a84 00000138 T __lshift
00120bbc 00000058 T __mcmp
00120c14 000001f0 T __mdiff
00120e04 00000068 T __ulp
00120e6c 000000d0 T __b2d
00120f3c 00000120 T __d2b
0012105c 00000078 T __ratio
001210d4 00000088 T __copybits
0012115c 0000005c T __any_on
001211b8 000000a4 T __ssprint_r
0012125c 0000003c T fiprintf
00121298 00000108 T __swbuf_r
001213a0 00000160 T _wcsnrtombs_l
00121500 00000064 T _wcsnrtombs_r
00121564 00000030 T __sprint_r
00121594 00000014 T abort
001215a8 000000c0 T _calloc_r
00121668 00000090 T category
001216f8 00000128 T __ssputs_r
00121820 00000090 T _raise_r
001218b0 00000018 T raise
001218c8 000005e4 t get_arg
00121eac 00002264 T _vfiprintf_r
00124110 000000b8 t __sbprintf
001241c8 00000020 T _exit
001241e8 0000013c T chdir
00124324 000001cc T _concatenate_path
001244f0 00000068 t __dirnext
00124558 000000f4 T opendir
0012464c 00000090 T closedir
001246dc 000000ec T readdir_r
001247c8 00000040 T readdir
00124808 00000088 T _fstat_r
00124890 00000014 T _getpid_r
001248a4 0000002c T __getreent
001248d0 0000008c T __release_handle
0012495c 000000b0 T __alloc_handle
00124a0c 0000003c T __get_handle
00124a48 000000f4 T _close_r
00124b3c 00000008 t null_write
00124b44 00000018 T setDefaultDevice
00124b5c 000000c8 T FindDevice
00124c24 00000028 T RemoveDevice
00124c4c 00000098 T AddDevice
00124ce4 00000020 T GetDeviceOpTab
00124d04 00000008 T _isatty_r
00124d0c 00000014 T _kill_r
00124d20 0000008c T _lseek_r
00124dac 00000060 T mkdir
00124e0c 000000bc T _open_r
00124ec8 00000088 T _read_r
00124f50 00000080 T _rename_r
00124fd0 00000068 T _rmdir_r
00125038 00000018 T rmdir
00125050 00000078 W _sbrk_r
001250c8 00000070 T _stat_r
00125138 0000001c T __libc_lock_acquire
00125154 0000001c T __libc_lock_release
00125170 0000001c T __libc_lock_acquire_recursive
0012518c 0000001c T __libc_lock_release_recursive
001251a8 00000064 T _unlink_r
0012520c 00000088 T _write_r
00125294 00000038 T __aeabi_d2lz
00125294 00000038 T __fixdfdi
001252d0 00000040 T __aeabi_d2ulz
001252d0 00000040 T __fixunsdfdi
00125310 00000048 T strrchr
00125358 T _fini
00126dc4 r .LC2
00126f48 00000080 r dotab_stdout
00126fc8 00000018 r grayScale
00126fe0 00000006 r colorCube
00126fe8 00000030 r colorTable
00127034 00000008 r morton_y.2
0012703c 00000008 r morton_x.3
00127044 00000008 r s_sleepWakeEvents.4
0012704c R default_font_bin
0012784c R default_font_bin_end
0012784c 00000030 r error_table
0012787c 00000080 r archive_devoptab
001278fc 00000101 R _ctype_
00127b54 00000022 r basefix.0
00127cf8 00000014 r fpinan.0
00127d0c 00000014 r fpi.1
00127d20 00000028 r tinytens
00127d48 00000100 R __hexdig
00127f34 00000010 r zeroes.0
00127f44 00000010 r blanks.1
00128048 00000010 r zeroes.0
00128058 00000010 r blanks.1
00128068 0000006c R __action_table
001280d4 0000006c R __state_table
00128140 00000100 R __chclass
00128240 0000000c r p05.0
00128250 00000028 R __mprec_bigtens
00128278 000000c8 R __mprec_tens
00128340 000035dc r categories
0012ba08 00000010 r zeroes.0
0012ba18 00000010 r blanks.1
0012ba28 00000080 R dotab_stdnull
0012baa8 R __tdata_align
0012baac r __EH_FRAME_BEGIN__
0012baac R __exidx_end
0012baac R __exidx_start
0012c000 0000000c D regionCodes
0012c00c 0000000c D regionOptions
0012c018 00000001 d firstConsoleInit.0
0012c01c 00000004 D currentConsole
0012c020 00000048 D defaultConsole
0012c068 00000004 d aptChainloadDeliverArgSize
0012c06c 00000004 d kCount
0012c070 00000004 d kInterval
0012c074 00000004 d kDelay
0012c078 W __stacksize__
0012c07c 00000004 D _impure_ptr
0012c080 00000120 D _impure_data
0012c1a0 0000000c D __sglue
0012c1ac 00000004 D __malloc_sbrk_base
0012c1b0 00000004 D __malloc_trim_threshold
0012c1b8 00000408 D __malloc_av_
0012c5c0 0000016c D __global_locale
0012c72c 00000400 d _current_working_directory
0012cb30 00001000 d handles
0012db30 0000000c d __stderr_handle
0012db3c 0000000c d __stdout_handle
0012db48 0000000c d __stdin_handle
0012db54 0000008c D devoptab_list
0012dbe0 00000004 d defaultDevice
0012dbec d _GLOBAL_OFFSET_TABLE_
0012dbf8 d __frame_dummy_init_array_entry
0012dbf8 D __init_array_start
0012dbf8 B __preinit_array_end
0012dbf8 B __preinit_array_start
0012dbf8 D __tdata_lma
0012dbf8 D __tdata_lma_end
0012dbfc d __do_global_dtors_aux_fini_array_entry
0012dbfc D __fini_array_start
0012dbfc D __init_array_end
0012dc00 D __bss_start__
0012dc00 D __fini_array_end
0012dc00 00000011 B selectedRegionCode
0012dc11 b completed.1
0012dc14 b object.0
0012dc2c 0000001c b escapeSeq
0012dc48 00000048 B currentCopy
0012dc90 00000004 b srvRefCount
0012dc94 00000004 b srvHandle
0012dc98 00000004 b screenAlloc
0012dc9c 00000004 b screenFree
0012dca0 00000002 b gfxIsDoubleBuf
0012dca4 00000002 b gfxCurBuf
0012dca6 00000001 b gfxIsVram
0012dca7 00000001 b gfxTopMode
0012dca8 00000002 b gfxFramebufferFormats
0012dcac 00000004 b gfxBottomFramebufferMaxSize
0012dcb0 00000004 b gfxTopFramebufferMaxSize
0012dcb8 00000008 b gfxBottomFramebuffers
0012dcc0 00000008 b gfxTopFramebuffers
0012dcc8 00000007 b gspEventCbOneShot
0012dcd0 0000001c b gspEventCbData
0012dcec 0000001c b gspEventCb
0012dd08 00000038 b gspEvents
0012dd40 00000004 b gspLastEvent
0012dd44 00000001 b gspRunEvents
0012dd48 00000004 b gspEventThread
0012dd4c 00000004 b gspEvent
0012dd50 00000001 b gspGpuRight
0012dd51 00000001 b gspThreadId
0012dd54 00000004 b gspSharedMem
0012dd58 00000004 b gspSharedMemHandle
0012dd5c 00000004 b gspRefCount
0012dd60 00000004 b gspGpuHandle
0012dd64 00000004 b amRefCount
0012dd68 00000004 b amHandle
0012dd6c 00000001 b flagValue.0
0012dd6d 00000001 b flagInit.1
0012dd70 00000004 b serviceName.6
0012dd74 00000001 b aptChainloadFlags
0012dd75 00000001 b aptChainloadMediatype
0012dd78 00000020 b aptChainloadHmac
0012dd98 00000300 b aptChainloadDeliverArg
0012e098 00000008 b aptChainloadTid
0012e0a0 00001000 b aptParameters
0012f0a0 00000004 b aptFlags
0012f0a4 00000001 b aptHomeButtonState
0012f0a8 00000004 b aptMessageFuncData
0012f0ac 00000004 b aptMessageFunc
0012f0b0 0000000c b aptFirstHook
0012f0bc 00000001 b aptEventHandlerThreadQuit
0012f0c0 00000004 b aptEventHandlerThread
0012f0c4 00000008 b aptSleepEvent
0012f0cc 00000008 b aptReceiveEvent
0012f0d4 00000008 b aptEvents
0012f0dc 00000004 b aptLockHandle
0012f0e0 00000004 b aptRefCount
0012f0e4 00000001 b usingIrrst
0012f0e8 00000004 b hidRefCount
0012f0ec 00000006 b gRate
0012f0f4 00000006 b aVec
0012f0fc 00000004 b cPos
0012f100 00000004 b tPos
0012f104 00000004 b kRepeat
0012f108 00000004 b kUp
0012f10c 00000004 b kDown
0012f110 00000004 b kHeld
0012f114 00000004 b kOld
0012f118 00000004 B hidSharedMem
0012f11c 00000014 B hidEvents
0012f130 00000004 B hidMemHandle
0012f134 00000004 B hidHandle
0012f138 00000004 b srvPmHandle
0012f140 00000080 b fsExemptArchives
0012f1c0 00000004 b fsuRefCount
0012f1c4 00000004 b fsuHandle
0012f1c8 00000004 B __system_retAddr
0012f1cc 00000004 B __system_argv
0012f1d0 00000004 B __system_argc
0012f1d4 b saved_stack
0012f1e0 00000008 b sVramPoolB
0012f1e8 00000008 b sVramPoolA
0012f1f0 0000000c b sAddrMap
0012f200 00000008 b sLinearPool
0012f208 0000000c b sAddrMap
0012f214 00000004 b arbiter
0012f218 00000001 V __ctru_speedup
0012f21c 00000004 B __3dslink_host
0012f220 00000004 b currentAddr
0012f224 00000004 b maxAddr
0012f228 00000004 b minAddr
0012f22c 00000004 b irrstRefCount
0012f230 00000004 b csPos
0012f234 00000004 b kHeld
0012f238 00000004 B irrstSharedMem
0012f23c 00000004 B irrstEvent
0012f240 00000004 B irrstMemHandle
0012f244 00000004 B irrstHandle
0012f248 00000004 b ptmSysmRefCount
0012f24c 00000004 b ptmSysmHandle
0012f250 00000004 V __ctru_linear_heap_size
0012f254 00000004 V __ctru_heap_size
0012f258 00000004 B __ctru_linear_heap
0012f25c 00000004 B __ctru_heap
0012f260 000005c0 b archive_devices
0012f820 00000004 b archive_device_cwd
0012f824 00000001 b archive_initialized
0012f828 0000000c b __sfp_recursive_mutex
0012f838 00000168 B __sf
0012f9a0 00000004 B __stdio_exit_handler
0012f9a4 00000028 B __malloc_current_mallinfo
0012f9cc 00000004 B __malloc_max_total_mem
0012f9d0 00000004 B __malloc_max_sbrked_mem
0012f9d4 00000004 B __malloc_top_pad
0012f9d8 0000000c b __malloc_recursive_mutex
0012f9e4 00000400 b temp_cwd
0012fde4 00000004 b __hndl_lock
0012fde8 00000004 B fake_heap_start
0012fdec 00000004 B fake_heap_end
0012fdf0 00000004 b heap_start.0
0012fdf4 B __tls_start
001309fc B __bss_end__
001309fc A __end__
001309fc B __tls_end
